<?xml version="1.0" encoding="UTF-8"?>
<!-- Generated by org.testng.reporters.JUnitReportReporter -->
<testsuite hostname="Greeshma" failures="0" tests="1" name="com.sevenrmartsupermarket.tests.DashBoardTest" time="3.836" errors="0" timestamp="2025-06-09T19:03:19 IST" skipped="0">
  <testcase classname="com.sevenrmartsupermarket.tests.DashBoardTest" name="verifyTheContactUsMailIsNotNull" time="3.836"/>
</testsuite> <!-- com.sevenrmartsupermarket.tests.DashBoardTest -->
