<?xml version="1.0" encoding="UTF-8"?>
<!-- Generated by org.testng.reporters.JUnitReportReporter -->
<testsuite hostname="Greeshma" failures="0" tests="1" name="com.sevenrmartsupermarket.tests.AdminUsersMoreInfoPageTest" time="4.525" errors="0" timestamp="2025-06-12T17:17:08 IST" skipped="0">
  <testcase classname="com.sevenrmartsupermarket.tests.AdminUsersMoreInfoPageTest" name="VerifyBackgroundColor" time="4.525"/>
</testsuite> <!-- com.sevenrmartsupermarket.tests.AdminUsersMoreInfoPageTest -->
