<?xml version="1.0" encoding="UTF-8"?>
<!-- Generated by org.testng.reporters.JUnitReportReporter -->
<testsuite hostname="Greeshma" failures="0" tests="1" name="com.sevenrmartsupermarket.tests.AdminUsersTest" time="11.133" errors="0" timestamp="2025-06-12T20:29:44 IST" skipped="0">
  <testcase classname="com.sevenrmartsupermarket.tests.AdminUsersTest" name="testNewUserCreation" time="11.133"/>
</testsuite> <!-- com.sevenrmartsupermarket.tests.AdminUsersTest -->
