<?xml version="1.0" encoding="UTF-8"?>
<!-- Generated by org.testng.reporters.JUnitReportReporter -->
<testsuite hostname="Greeshma" failures="0" tests="1" name="com.sevenrmartsupermarket.tests.DashBoardTest" time="5.842" errors="0" timestamp="2025-06-10T20:00:49 IST" skipped="0">
  <testcase classname="com.sevenrmartsupermarket.tests.DashBoardTest" name="verifyLogoutOptionFromProfileIcon" time="5.842"/>
</testsuite> <!-- com.sevenrmartsupermarket.tests.DashBoardTest -->
