<?xml version="1.0" encoding="UTF-8"?>
<!-- Generated by org.testng.reporters.JUnitReportReporter -->
<testsuite hostname="Greeshma" failures="0" tests="1" name="com.sevenrmartsupermarket.tests.LoginTests" time="3.284" errors="0" timestamp="2025-06-12T17:12:10 IST" skipped="0">
  <testcase classname="com.sevenrmartsupermarket.tests.LoginTests" name="CheckRememberMeIsDisplayed" time="3.284"/>
</testsuite> <!-- com.sevenrmartsupermarket.tests.LoginTests -->
