<?xml version="1.0" encoding="UTF-8"?>
<!-- Generated by org.testng.reporters.JUnitReportReporter -->
<testsuite hostname="Greeshma" failures="0" tests="4" name="com.sevenrmartsupermarket.tests.LoginTests" time="9.268" errors="0" timestamp="2025-06-03T21:55:49 IST" skipped="0">
  <testcase classname="com.sevenrmartsupermarket.tests.LoginTests" name="test_login_with_invalid_credentials" time="2.067"/>
  <testcase classname="com.sevenrmartsupermarket.tests.LoginTests" name="verifyValidLogin" time="2.348"/>
  <testcase classname="com.sevenrmartsupermarket.tests.LoginTests" name="test_login_with_invalid_credentials" time="2.073"/>
  <testcase classname="com.sevenrmartsupermarket.tests.LoginTests" name="test_login_with_invalid_credentials" time="2.780"/>
</testsuite> <!-- com.sevenrmartsupermarket.tests.LoginTests -->
