<?xml version="1.0" encoding="UTF-8"?>
<!-- Generated by org.testng.reporters.JUnitReportReporter -->
<testsuite hostname="Greeshma" failures="0" tests="3" name="com.sevenrmartsupermarket.tests.LoginTests" time="27.564" errors="0" timestamp="2025-05-29T21:47:44 IST" skipped="0">
  <testcase classname="com.sevenrmartsupermarket.tests.LoginTests" name="verifyValidLogin" time="8.503"/>
  <testcase classname="com.sevenrmartsupermarket.tests.LoginTests" name="verifyValidLogin" time="8.960"/>
  <testcase classname="com.sevenrmartsupermarket.tests.LoginTests" name="verifyValidLogin" time="10.101"/>
</testsuite> <!-- com.sevenrmartsupermarket.tests.LoginTests -->
